<?xml version="1.0" encoding="UTF-8"?>
<!-- Generated by org.testng.reporters.JUnitXMLReporter -->
<testsuite ignored="0" hostname="Jat" failures="0" tests="4" name="Default test" time="3.898" errors="0" timestamp="2025-08-04T17:53:40 IST">
  <testcase classname="Page.LogIn_Page" name="loginpage" time="0.373"/>
  <testcase classname="Page.Main_Items_page" name="MainproductScreen" time="0.337"/>
  <testcase classname="Page.Checkout_Overview" name="CheckoutItemList" time="0.246"/>
  <testcase classname="Page.Checkout_information_page" name="information" time="0.392"/>
</testsuite> <!-- Default test -->
