<?xml version="1.0" encoding="UTF-8"?>
<testng-results ignored="0" total="4" passed="4" failed="0" skipped="0">
  <reporter-output>
  </reporter-output>
  <suite started-at="2025-08-04T17:53:36 IST" name="Default suite" finished-at="2025-08-04T17:53:40 IST" duration-ms="3898">
    <groups>
    </groups>
    <test started-at="2025-08-04T17:53:36 IST" name="Default test" finished-at="2025-08-04T17:53:40 IST" duration-ms="3898">
      <class name="Page.Checkout_information_page">
        <test-method is-config="true" signature="ReadData()[pri:0, instance:Page.Checkout_information_page@71687585]" started-at="2025-08-04T17:53:36 IST" name="ReadData" finished-at="2025-08-04T17:53:36 IST" duration-ms="18" status="PASS">
          <reporter-output>
          </reporter-output>
        </test-method> <!-- ReadData -->
        <test-method is-config="true" signature="OpenBrowser()[pri:0, instance:Page.Checkout_information_page@71687585]" started-at="2025-08-04T17:53:36 IST" name="OpenBrowser" finished-at="2025-08-04T17:53:38 IST" depends-on-methods="Utils.File_Reader.ReadData" duration-ms="2478" status="PASS">
          <reporter-output>
          </reporter-output>
        </test-method> <!-- OpenBrowser -->
        <test-method signature="loginpage()[pri:1, instance:Page.Checkout_information_page@71687585]" started-at="2025-08-04T17:53:38 IST" name="loginpage" finished-at="2025-08-04T17:53:39 IST" duration-ms="373" status="PASS">
          <reporter-output>
          </reporter-output>
        </test-method> <!-- loginpage -->
        <test-method signature="MainproductScreen()[pri:2, instance:Page.Checkout_information_page@71687585]" started-at="2025-08-04T17:53:39 IST" name="MainproductScreen" finished-at="2025-08-04T17:53:39 IST" duration-ms="337" status="PASS">
          <reporter-output>
          </reporter-output>
        </test-method> <!-- MainproductScreen -->
        <test-method signature="CheckoutItemList()[pri:3, instance:Page.Checkout_information_page@71687585]" started-at="2025-08-04T17:53:39 IST" name="CheckoutItemList" finished-at="2025-08-04T17:53:39 IST" duration-ms="246" status="PASS">
          <reporter-output>
          </reporter-output>
        </test-method> <!-- CheckoutItemList -->
        <test-method signature="information()[pri:4, instance:Page.Checkout_information_page@71687585]" started-at="2025-08-04T17:53:39 IST" name="information" finished-at="2025-08-04T17:53:40 IST" duration-ms="392" status="PASS">
          <reporter-output>
          </reporter-output>
        </test-method> <!-- information -->
      </class> <!-- Page.Checkout_information_page -->
    </test> <!-- Default test -->
  </suite> <!-- Default suite -->
</testng-results>
